<?xml version="1.0" encoding="UTF-8"?>
<testsuite name="AstrophageTest" tests="5" skipped="0" failures="0" errors="0" timestamp="2026-06-15T12:00:40.405Z" hostname="TS-COMPUTER" time="0.05">
  <properties/>
  <testcase name="testAgingIncrementsAge()" classname="AstrophageTest" time="0.02"/>
  <testcase name="testCoreDeathWhenNoBrightness()" classname="AstrophageTest" time="0.003"/>
  <testcase name="testAbsorptionDecreasesBrightness()" classname="AstrophageTest" time="0.001"/>
  <testcase name="testSimulationStepCountIncrements()" classname="AstrophageTest" time="0.007"/>
  <testcase name="testExhaustionKillsAstrophage()" classname="AstrophageTest" time="0.0"/>
  <system-out><![CDATA[]]></system-out>
  <system-err><![CDATA[]]></system-err>
</testsuite>
